C:\USERS\MECHT\DOCUMENTS\VISUAL STUDIO 2012\PROJECTS\OPEN_CV_CONTOUR_RECOGNITION\OPEN_CV_CONTOUR_RECOGNITION\DEBUG\OPEN_CV_CONTOUR_RECOGNITION.PCH
C:\USERS\MECHT\DOCUMENTS\VISUAL STUDIO 2012\PROJECTS\OPEN_CV_CONTOUR_RECOGNITION\OPEN_CV_CONTOUR_RECOGNITION\DEBUG\STDAFX.OBJ
C:\USERS\MECHT\DOCUMENTS\VISUAL STUDIO 2012\PROJECTS\OPEN_CV_CONTOUR_RECOGNITION\OPEN_CV_CONTOUR_RECOGNITION\DEBUG\VC110.PDB
C:\USERS\MECHT\DOCUMENTS\VISUAL STUDIO 2012\PROJECTS\OPEN_CV_CONTOUR_RECOGNITION\OPEN_CV_CONTOUR_RECOGNITION\DEBUG\OPEN_CV_CONTOUR_RECOGNITION.OBJ
C:\USERS\MECHT\DOCUMENTS\VISUAL STUDIO 2012\PROJECTS\OPEN_CV_CONTOUR_RECOGNITION\DEBUG\OPEN_CV_CONTOUR_RECOGNITION.ILK
C:\USERS\MECHT\DOCUMENTS\VISUAL STUDIO 2012\PROJECTS\OPEN_CV_CONTOUR_RECOGNITION\DEBUG\OPEN_CV_CONTOUR_RECOGNITION.EXE
C:\USERS\MECHT\DOCUMENTS\VISUAL STUDIO 2012\PROJECTS\OPEN_CV_CONTOUR_RECOGNITION\DEBUG\OPEN_CV_CONTOUR_RECOGNITION.PDB
C:\Users\mecht\Documents\Visual Studio 2012\Projects\open_cv_contour_recognition\open_cv_contour_recognition\Debug\open_cv_contour_recognition.obj
C:\Users\mecht\Documents\Visual Studio 2012\Projects\open_cv_contour_recognition\open_cv_contour_recognition\Debug\stdafx.obj
C:\Users\mecht\Documents\Visual Studio 2012\Projects\open_cv_contour_recognition\open_cv_contour_recognition\Debug\cl.command.1.tlog
C:\Users\mecht\Documents\Visual Studio 2012\Projects\open_cv_contour_recognition\open_cv_contour_recognition\Debug\CL.read.1.tlog
C:\Users\mecht\Documents\Visual Studio 2012\Projects\open_cv_contour_recognition\open_cv_contour_recognition\Debug\CL.write.1.tlog
C:\Users\mecht\Documents\Visual Studio 2012\Projects\open_cv_contour_recognition\open_cv_contour_recognition\Debug\link-cvtres.read.1.tlog
C:\Users\mecht\Documents\Visual Studio 2012\Projects\open_cv_contour_recognition\open_cv_contour_recognition\Debug\link-cvtres.write.1.tlog
C:\Users\mecht\Documents\Visual Studio 2012\Projects\open_cv_contour_recognition\open_cv_contour_recognition\Debug\link-rc.read.1.tlog
C:\Users\mecht\Documents\Visual Studio 2012\Projects\open_cv_contour_recognition\open_cv_contour_recognition\Debug\link-rc.write.1.tlog
C:\Users\mecht\Documents\Visual Studio 2012\Projects\open_cv_contour_recognition\open_cv_contour_recognition\Debug\link.7828-cvtres.read.1.tlog
C:\Users\mecht\Documents\Visual Studio 2012\Projects\open_cv_contour_recognition\open_cv_contour_recognition\Debug\link.7828-cvtres.write.1.tlog
C:\Users\mecht\Documents\Visual Studio 2012\Projects\open_cv_contour_recognition\open_cv_contour_recognition\Debug\link.7828-rc.read.1.tlog
C:\Users\mecht\Documents\Visual Studio 2012\Projects\open_cv_contour_recognition\open_cv_contour_recognition\Debug\link.7828-rc.write.1.tlog
C:\Users\mecht\Documents\Visual Studio 2012\Projects\open_cv_contour_recognition\open_cv_contour_recognition\Debug\link.7828.read.1.tlog
C:\Users\mecht\Documents\Visual Studio 2012\Projects\open_cv_contour_recognition\open_cv_contour_recognition\Debug\link.7828.write.1.tlog
C:\Users\mecht\Documents\Visual Studio 2012\Projects\open_cv_contour_recognition\open_cv_contour_recognition\Debug\link.command.1.tlog
C:\Users\mecht\Documents\Visual Studio 2012\Projects\open_cv_contour_recognition\open_cv_contour_recognition\Debug\link.read.1.tlog
C:\Users\mecht\Documents\Visual Studio 2012\Projects\open_cv_contour_recognition\open_cv_contour_recognition\Debug\link.write.1.tlog
C:\Users\mecht\Documents\Visual Studio 2012\Projects\open_cv_contour_recognition\open_cv_contour_recognition\Debug\open_cv_contour_recognition.pch
C:\Users\mecht\Documents\Visual Studio 2012\Projects\open_cv_contour_recognition\open_cv_contour_recognition\Debug\vc110.idb
C:\Users\mecht\Documents\Visual Studio 2012\Projects\open_cv_contour_recognition\open_cv_contour_recognition\Debug\vc110.pdb
C:\Users\mecht\Documents\Visual Studio 2012\Projects\open_cv_contour_recognition\Debug\open_cv_contour_recognition.pdb
C:\Users\mecht\Documents\Visual Studio 2012\Projects\open_cv_contour_recognition\Debug\open_cv_contour_recognition.exe
C:\Users\mecht\Documents\Visual Studio 2012\Projects\open_cv_contour_recognition\Debug\open_cv_contour_recognition.ilk
